2026-02-03 08:07:41: - Análise iniciada por On File Change, After Delay
2026-02-03 08:07:44: Alterações: 44, Conflitos: 0, Tempo: 0, Correções: 0, Erros: 0, All: 141
2026-02-03 08:07:44: Left to Right: Copy File: 44 
2026-02-03 08:07:44: == Sincronização iniciada por On File Change, After Delay
2026-02-03 08:07:44: ConnectCloned connected to file:///C:/Users/Privado/Desktop/Projetos
2026-02-03 08:07:44: ConnectCloned connected to file:///C:/Users/Privado/Desktop/Projetos
2026-02-03 08:07:44: ConnectCloned connected to file:///C:/Users/Privado/Desktop/Projetos
2026-02-03 08:07:44: GsConnectAndSetRoot1 connected to goodrive://www.googleapis.com/:personal:/Projetos
2026-02-03 08:07:44: GsConnectAndSetRoot1 connected to goodrive://www.googleapis.com/:personal:/Projetos
2026-02-03 08:07:44: GsConnectAndSetRoot1 connected to goodrive://www.googleapis.com/:personal:/Projetos
2026-02-03 08:07:46: Criar Pasta goodrive://www.googleapis.com/:personal:/Projetos/.git
2026-02-03 08:07:48: Copiar novo 'C:/Users/Privado/Desktop/Projetos/README.md' -> 'goodrive://www.googleapis.com/:personal:/Projetos/README.md' (36)
2026-02-03 08:07:50: Copiar novo 'C:/Users/Privado/Desktop/Projetos/.git/description' -> 'goodrive://www.googleapis.com/:personal:/Projetos/.git/description' (73)
2026-02-03 08:07:50: Copiar novo 'C:/Users/Privado/Desktop/Projetos/.git/config' -> 'goodrive://www.googleapis.com/:personal:/Projetos/.git/config' (367)
2026-02-03 08:07:50: Copiar novo 'C:/Users/Privado/Desktop/Projetos/.git/FETCH_HEAD' -> 'goodrive://www.googleapis.com/:personal:/Projetos/.git/FETCH_HEAD' (105)
2026-02-03 08:07:51: Criar Pasta goodrive://www.googleapis.com/:personal:/Projetos/.git/hooks
2026-02-03 08:07:51: Criar Pasta goodrive://www.googleapis.com/:personal:/Projetos/.git/info
2026-02-03 08:07:53: Copiar novo 'C:/Users/Privado/Desktop/Projetos/.git/HEAD' -> 'goodrive://www.googleapis.com/:personal:/Projetos/.git/HEAD' (21)
2026-02-03 08:07:53: Copiar novo 'C:/Users/Privado/Desktop/Projetos/.git/index' -> 'goodrive://www.googleapis.com/:personal:/Projetos/.git/index' (137)
2026-02-03 08:07:54: Copiar novo 'C:/Users/Privado/Desktop/Projetos/.git/hooks/applypatch-msg.sample' -> 'goodrive://www.googleapis.com/:personal:/Projetos/.git/hooks/applypatch-msg.sample' (478)
2026-02-03 08:07:56: Copiar novo 'C:/Users/Privado/Desktop/Projetos/.git/info/exclude' -> 'goodrive://www.googleapis.com/:personal:/Projetos/.git/info/exclude' (240)
2026-02-03 08:07:56: Copiar novo 'C:/Users/Privado/Desktop/Projetos/.git/hooks/commit-msg.sample' -> 'goodrive://www.googleapis.com/:personal:/Projetos/.git/hooks/commit-msg.sample' (896)
2026-02-03 08:07:56: Copiar novo 'C:/Users/Privado/Desktop/Projetos/.git/hooks/fsmonitor-watchman.sample' -> 'goodrive://www.googleapis.com/:personal:/Projetos/.git/hooks/fsmonitor-watchman.sample' (4,726)
2026-02-03 08:07:58: Copiar novo 'C:/Users/Privado/Desktop/Projetos/.git/hooks/post-update.sample' -> 'goodrive://www.googleapis.com/:personal:/Projetos/.git/hooks/post-update.sample' (189)
2026-02-03 08:07:58: Copiar novo 'C:/Users/Privado/Desktop/Projetos/.git/hooks/pre-applypatch.sample' -> 'goodrive://www.googleapis.com/:personal:/Projetos/.git/hooks/pre-applypatch.sample' (424)
2026-02-03 08:07:59: Copiar novo 'C:/Users/Privado/Desktop/Projetos/.git/hooks/pre-commit.sample' -> 'goodrive://www.googleapis.com/:personal:/Projetos/.git/hooks/pre-commit.sample' (1,643)
2026-02-03 08:08:01: Copiar novo 'C:/Users/Privado/Desktop/Projetos/.git/hooks/pre-merge-commit.sample' -> 'goodrive://www.googleapis.com/:personal:/Projetos/.git/hooks/pre-merge-commit.sample' (416)
2026-02-03 08:08:01: Copiar novo 'C:/Users/Privado/Desktop/Projetos/.git/hooks/pre-push.sample' -> 'goodrive://www.googleapis.com/:personal:/Projetos/.git/hooks/pre-push.sample' (1,374)
2026-02-03 08:08:01: Copiar novo 'C:/Users/Privado/Desktop/Projetos/.git/hooks/pre-rebase.sample' -> 'goodrive://www.googleapis.com/:personal:/Projetos/.git/hooks/pre-rebase.sample' (4,898)
2026-02-03 08:08:03: Copiar novo 'C:/Users/Privado/Desktop/Projetos/.git/hooks/pre-receive.sample' -> 'goodrive://www.googleapis.com/:personal:/Projetos/.git/hooks/pre-receive.sample' (544)
2026-02-03 08:08:03: Copiar novo 'C:/Users/Privado/Desktop/Projetos/.git/hooks/prepare-commit-msg.sample' -> 'goodrive://www.googleapis.com/:personal:/Projetos/.git/hooks/prepare-commit-msg.sample' (1,492)
2026-02-03 08:08:03: Copiar novo 'C:/Users/Privado/Desktop/Projetos/.git/hooks/push-to-checkout.sample' -> 'goodrive://www.googleapis.com/:personal:/Projetos/.git/hooks/push-to-checkout.sample' (2,783)
2026-02-03 08:08:04: Criar Pasta goodrive://www.googleapis.com/:personal:/Projetos/.git/objects
2026-02-03 08:08:04: Criar Pasta goodrive://www.googleapis.com/:personal:/Projetos/.git/logs
2026-02-03 08:08:05: Copiar novo 'C:/Users/Privado/Desktop/Projetos/.git/hooks/update.sample' -> 'goodrive://www.googleapis.com/:personal:/Projetos/.git/hooks/update.sample' (3,650)
2026-02-03 08:08:05: Criar Pasta goodrive://www.googleapis.com/:personal:/Projetos/.git/objects/info
2026-02-03 08:08:06: Criar Pasta goodrive://www.googleapis.com/:personal:/Projetos/.git/logs/refs
2026-02-03 08:08:07: Copiar novo 'C:/Users/Privado/Desktop/Projetos/.git/packed-refs' -> 'goodrive://www.googleapis.com/:personal:/Projetos/.git/packed-refs' (112)
2026-02-03 08:08:07: Criar Pasta goodrive://www.googleapis.com/:personal:/Projetos/.git/objects/pack
2026-02-03 08:08:08: Copiar novo 'C:/Users/Privado/Desktop/Projetos/.git/logs/HEAD' -> 'goodrive://www.googleapis.com/:personal:/Projetos/.git/logs/HEAD' (209)
2026-02-03 08:08:08: Criar Pasta goodrive://www.googleapis.com/:personal:/Projetos/.git/logs/refs/heads
2026-02-03 08:08:08: Criar Pasta goodrive://www.googleapis.com/:personal:/Projetos/.git/logs/refs/remotes
2026-02-03 08:08:10: Copiar novo 'C:/Users/Privado/Desktop/Projetos/.git/objects/pack/pack-c241e391e5268477b1d987a36974457bc2a6815f.idx' -> 'goodrive://www.googleapis.com/:personal:/Projetos/.git/objects/pack/pack-c241e391e5268477b1d987a36974457bc2a6815f.idx' (1,156)
2026-02-03 08:08:11: Copiar novo 'C:/Users/Privado/Desktop/Projetos/.git/objects/pack/pack-c241e391e5268477b1d987a36974457bc2a6815f.pack' -> 'goodrive://www.googleapis.com/:personal:/Projetos/.git/objects/pack/pack-c241e391e5268477b1d987a36974457bc2a6815f.pack' (894)
2026-02-03 08:08:11: Copiar novo 'C:/Users/Privado/Desktop/Projetos/.git/logs/refs/heads/main' -> 'goodrive://www.googleapis.com/:personal:/Projetos/.git/logs/refs/heads/main' (209)
2026-02-03 08:08:11: Criar Pasta goodrive://www.googleapis.com/:personal:/Projetos/.git/refs
2026-02-03 08:08:11: Criar Pasta goodrive://www.googleapis.com/:personal:/Projetos/.git/logs/refs/remotes/origin
2026-02-03 08:08:12: Criar Pasta goodrive://www.googleapis.com/:personal:/Projetos/.git/refs/heads
2026-02-03 08:08:12: Criar Pasta goodrive://www.googleapis.com/:personal:/Projetos/.git/refs/remotes
2026-02-03 08:08:12: Criar Pasta goodrive://www.googleapis.com/:personal:/Projetos/.git/refs/tags
2026-02-03 08:08:13: Criar Pasta goodrive://www.googleapis.com/:personal:/Projetos/.git/refs/remotes/origin
2026-02-03 08:08:15: Copiar novo 'C:/Users/Privado/Desktop/Projetos/.git/logs/refs/remotes/origin/HEAD' -> 'goodrive://www.googleapis.com/:personal:/Projetos/.git/logs/refs/remotes/origin/HEAD' (656)
2026-02-03 08:08:16: Copiar novo 'C:/Users/Privado/Desktop/Projetos/.git/refs/heads/main' -> 'goodrive://www.googleapis.com/:personal:/Projetos/.git/refs/heads/main' (41)
2026-02-03 08:08:16: Copiar novo 'C:/Users/Privado/Desktop/Projetos/.git/refs/remotes/origin/HEAD' -> 'goodrive://www.googleapis.com/:personal:/Projetos/.git/refs/remotes/origin/HEAD' (30)
2026-02-03 08:08:17: Salvar arquivo de estado C:/Users/Privado/Desktop/Projetos/_gsdata_/_file_state_v4._gs
2026-02-03 08:08:18: Salvar arquivo de estado goodrive://www.googleapis.com/:personal:/Projetos/_gsdata_/_file_state_v4._gs
2026-02-03 08:08:20: == Sincronização concluída. Tempo: 00:00:36, Velocidade: 11.12 KB/s, OK: 44, Erros: 0
